  [1m[36m (1.2ms)[0m  [1mCREATE TABLE "schema_migrations" ("version" varchar NOT NULL) [0m
  [1m[35m (0.1ms)[0m  select sqlite_version(*)
  [1m[36m (1.2ms)[0m  [1mCREATE UNIQUE INDEX "unique_schema_migrations" ON "schema_migrations" ("version")[0m
  [1m[35mActiveRecord::SchemaMigration Load (0.1ms)[0m  SELECT "schema_migrations".* FROM "schema_migrations"
Migrating to CreateConcerts (20150809130157)
  [1m[36m (0.1ms)[0m  [1mbegin transaction[0m
  [1m[35m (0.5ms)[0m  CREATE TABLE "concerts" ("id" INTEGER PRIMARY KEY AUTOINCREMENT NOT NULL, "band" varchar, "venue" varchar, "city" varchar, "price" integer, "date" date, "description" text, "created_at" datetime NOT NULL, "updated_at" datetime NOT NULL) 
  [1m[36mSQL (0.3ms)[0m  [1mINSERT INTO "schema_migrations" ("version") VALUES (?)[0m  [["version", "20150809130157"]]
  [1m[35m (1.4ms)[0m  commit transaction
Migrating to CreateComments (20150809130311)
  [1m[36m (0.1ms)[0m  [1mbegin transaction[0m
  [1m[35m (0.4ms)[0m  CREATE TABLE "comments" ("id" INTEGER PRIMARY KEY AUTOINCREMENT NOT NULL, "user_name" varchar, "comment" text, "created_at" datetime NOT NULL, "updated_at" datetime NOT NULL) 
  [1m[36mSQL (0.1ms)[0m  [1mINSERT INTO "schema_migrations" ("version") VALUES (?)[0m  [["version", "20150809130311"]]
  [1m[35m (1.2ms)[0m  commit transaction
  [1m[36mActiveRecord::SchemaMigration Load (0.1ms)[0m  [1mSELECT "schema_migrations".* FROM "schema_migrations"[0m
  [1m[36mActiveRecord::SchemaMigration Load (0.6ms)[0m  [1mSELECT "schema_migrations".* FROM "schema_migrations"[0m
  [1m[35mActiveRecord::SchemaMigration Load (0.1ms)[0m  SELECT "schema_migrations".* FROM "schema_migrations"


Started GET "/" for ::1 at 2015-08-09 15:09:56 +0200
  [1m[36mActiveRecord::SchemaMigration Load (0.6ms)[0m  [1mSELECT "schema_migrations".* FROM "schema_migrations"[0m
Processing by Rails::WelcomeController#index as HTML
  Rendered /Users/wendychan/.rbenv/versions/2.2.0/lib/ruby/gems/2.2.0/gems/railties-4.2.3/lib/rails/templates/rails/welcome/index.html.erb (2.8ms)
Completed 200 OK in 15ms (Views: 14.5ms | ActiveRecord: 0.0ms)


Started GET "/concerts/3/comments" for ::1 at 2015-08-09 15:10:04 +0200
Processing by CommentsController#index as HTML
  Parameters: {"concert_id"=>"3"}
  [1m[35mConcert Load (0.7ms)[0m  SELECT  "concerts".* FROM "concerts" WHERE "concerts"."id" = ? LIMIT 1  [["id", 3]]
Completed 404 Not Found in 16ms (ActiveRecord: 1.1ms)

ActiveRecord::RecordNotFound (Couldn't find Concert with 'id'=3):
  app/controllers/comments_controller.rb:4:in `index'


  Rendered /Users/wendychan/.rbenv/versions/2.2.0/lib/ruby/gems/2.2.0/gems/actionpack-4.2.3/lib/action_dispatch/middleware/templates/rescues/_source.erb (10.7ms)
  Rendered /Users/wendychan/.rbenv/versions/2.2.0/lib/ruby/gems/2.2.0/gems/actionpack-4.2.3/lib/action_dispatch/middleware/templates/rescues/_trace.html.erb (3.4ms)
  Rendered /Users/wendychan/.rbenv/versions/2.2.0/lib/ruby/gems/2.2.0/gems/actionpack-4.2.3/lib/action_dispatch/middleware/templates/rescues/_request_and_response.html.erb (12.0ms)
  Rendered /Users/wendychan/.rbenv/versions/2.2.0/lib/ruby/gems/2.2.0/gems/actionpack-4.2.3/lib/action_dispatch/middleware/templates/rescues/diagnostics.html.erb within rescues/layout (108.6ms)
  Rendered /Users/wendychan/.rbenv/versions/2.2.0/lib/ruby/gems/2.2.0/gems/web-console-2.2.1/lib/web_console/templates/_markup.html.erb (0.5ms)
  Rendered /Users/wendychan/.rbenv/versions/2.2.0/lib/ruby/gems/2.2.0/gems/web-console-2.2.1/lib/web_console/templates/_inner_console_markup.html.erb within layouts/inlined_string (0.5ms)
  Rendered /Users/wendychan/.rbenv/versions/2.2.0/lib/ruby/gems/2.2.0/gems/web-console-2.2.1/lib/web_console/templates/_prompt_box_markup.html.erb within layouts/inlined_string (0.4ms)
  Rendered /Users/wendychan/.rbenv/versions/2.2.0/lib/ruby/gems/2.2.0/gems/web-console-2.2.1/lib/web_console/templates/style.css.erb within layouts/inlined_string (0.5ms)
  Rendered /Users/wendychan/.rbenv/versions/2.2.0/lib/ruby/gems/2.2.0/gems/web-console-2.2.1/lib/web_console/templates/console.js.erb within layouts/javascript (76.9ms)
  Rendered /Users/wendychan/.rbenv/versions/2.2.0/lib/ruby/gems/2.2.0/gems/web-console-2.2.1/lib/web_console/templates/main.js.erb within layouts/javascript (0.4ms)
  Rendered /Users/wendychan/.rbenv/versions/2.2.0/lib/ruby/gems/2.2.0/gems/web-console-2.2.1/lib/web_console/templates/error_page.js.erb within layouts/javascript (0.5ms)
  Rendered /Users/wendychan/.rbenv/versions/2.2.0/lib/ruby/gems/2.2.0/gems/web-console-2.2.1/lib/web_console/templates/index.html.erb (183.6ms)


Started GET "/concerts/" for ::1 at 2015-08-09 15:10:07 +0200
Processing by ConcertsController#index as HTML
  [1m[36mConcert Load (0.2ms)[0m  [1mSELECT "concerts".* FROM "concerts" WHERE (date = '2015-08-09')[0m
  [1m[35mConcert Load (0.3ms)[0m  SELECT "concerts".* FROM "concerts" WHERE ("concerts"."date" >= '2015-08-10' AND "concerts"."date" < '2015-09-01')
  [1m[36mConcert Load (0.2ms)[0m  [1mSELECT "concerts".* FROM "concerts" WHERE (date >= '2015-09-01')[0m
  Rendered concerts/index.html.erb within layouts/application (4.2ms)
Completed 500 Internal Server Error in 288ms (ActiveRecord: 0.6ms)

ActionView::Template::Error (couldn't find file 'turbolinks' with type 'application/javascript'):
    3: <head>
    4:   <title>ConcertNetwork</title>
    5:   <%= stylesheet_link_tag    'application', media: 'all', 'data-turbolinks-track' => true %>
    6:   <%= javascript_include_tag 'application', 'data-turbolinks-track' => true %>
    7:   <%= csrf_meta_tags %>
    8: </head>
    9: <body>
  app/assets/javascripts/application.js:15
  app/views/layouts/application.html.erb:6:in `_app_views_layouts_application_html_erb___3674586134834673037_70317615812160'


  Rendered /Users/wendychan/.rbenv/versions/2.2.0/lib/ruby/gems/2.2.0/gems/actionpack-4.2.3/lib/action_dispatch/middleware/templates/rescues/_source.erb (19.2ms)
  Rendered /Users/wendychan/.rbenv/versions/2.2.0/lib/ruby/gems/2.2.0/gems/actionpack-4.2.3/lib/action_dispatch/middleware/templates/rescues/_trace.html.erb (9.3ms)
  Rendered /Users/wendychan/.rbenv/versions/2.2.0/lib/ruby/gems/2.2.0/gems/actionpack-4.2.3/lib/action_dispatch/middleware/templates/rescues/_request_and_response.html.erb (2.0ms)
  Rendered /Users/wendychan/.rbenv/versions/2.2.0/lib/ruby/gems/2.2.0/gems/actionpack-4.2.3/lib/action_dispatch/middleware/templates/rescues/template_error.html.erb within rescues/layout (99.9ms)
  Rendered /Users/wendychan/.rbenv/versions/2.2.0/lib/ruby/gems/2.2.0/gems/web-console-2.2.1/lib/web_console/templates/_markup.html.erb (0.9ms)
  Rendered /Users/wendychan/.rbenv/versions/2.2.0/lib/ruby/gems/2.2.0/gems/web-console-2.2.1/lib/web_console/templates/_inner_console_markup.html.erb within layouts/inlined_string (0.5ms)
  Rendered /Users/wendychan/.rbenv/versions/2.2.0/lib/ruby/gems/2.2.0/gems/web-console-2.2.1/lib/web_console/templates/_prompt_box_markup.html.erb within layouts/inlined_string (0.4ms)
  Rendered /Users/wendychan/.rbenv/versions/2.2.0/lib/ruby/gems/2.2.0/gems/web-console-2.2.1/lib/web_console/templates/style.css.erb within layouts/inlined_string (0.4ms)
  Rendered /Users/wendychan/.rbenv/versions/2.2.0/lib/ruby/gems/2.2.0/gems/web-console-2.2.1/lib/web_console/templates/console.js.erb within layouts/javascript (75.0ms)
  Rendered /Users/wendychan/.rbenv/versions/2.2.0/lib/ruby/gems/2.2.0/gems/web-console-2.2.1/lib/web_console/templates/main.js.erb within layouts/javascript (0.4ms)
  Rendered /Users/wendychan/.rbenv/versions/2.2.0/lib/ruby/gems/2.2.0/gems/web-console-2.2.1/lib/web_console/templates/error_page.js.erb within layouts/javascript (0.6ms)
  Rendered /Users/wendychan/.rbenv/versions/2.2.0/lib/ruby/gems/2.2.0/gems/web-console-2.2.1/lib/web_console/templates/index.html.erb (168.9ms)


Started GET "/concerts/" for ::1 at 2015-08-09 15:11:00 +0200
Processing by ConcertsController#index as HTML
  [1m[35mConcert Load (0.2ms)[0m  SELECT "concerts".* FROM "concerts" WHERE (date = '2015-08-09')
  [1m[36mConcert Load (0.2ms)[0m  [1mSELECT "concerts".* FROM "concerts" WHERE ("concerts"."date" >= '2015-08-10' AND "concerts"."date" < '2015-09-01')[0m
  [1m[35mConcert Load (0.2ms)[0m  SELECT "concerts".* FROM "concerts" WHERE (date >= '2015-09-01')
  Rendered concerts/index.html.erb within layouts/application (2.3ms)
Completed 500 Internal Server Error in 30ms (ActiveRecord: 0.7ms)

ActionView::Template::Error (couldn't find file 'turbolinks' with type 'application/javascript'):
    3: <head>
    4:   <title>ConcertNetwork</title>
    5:   <%= stylesheet_link_tag    'application', media: 'all', 'data-turbolinks-track' => true %>
    6:   <%= javascript_include_tag 'application', 'data-turbolinks-track' => true %>
    7:   <%= csrf_meta_tags %>
    8: </head>
    9: <body>
  app/assets/javascripts/application.js:15
  app/views/layouts/application.html.erb:6:in `_app_views_layouts_application_html_erb___3674586134834673037_70317615812160'


  Rendered /Users/wendychan/.rbenv/versions/2.2.0/lib/ruby/gems/2.2.0/gems/actionpack-4.2.3/lib/action_dispatch/middleware/templates/rescues/_source.erb (11.4ms)
  Rendered /Users/wendychan/.rbenv/versions/2.2.0/lib/ruby/gems/2.2.0/gems/actionpack-4.2.3/lib/action_dispatch/middleware/templates/rescues/_trace.html.erb (4.6ms)
  Rendered /Users/wendychan/.rbenv/versions/2.2.0/lib/ruby/gems/2.2.0/gems/actionpack-4.2.3/lib/action_dispatch/middleware/templates/rescues/_request_and_response.html.erb (1.5ms)
  Rendered /Users/wendychan/.rbenv/versions/2.2.0/lib/ruby/gems/2.2.0/gems/actionpack-4.2.3/lib/action_dispatch/middleware/templates/rescues/template_error.html.erb within rescues/layout (93.6ms)
  Rendered /Users/wendychan/.rbenv/versions/2.2.0/lib/ruby/gems/2.2.0/gems/web-console-2.2.1/lib/web_console/templates/_markup.html.erb (0.6ms)
  Rendered /Users/wendychan/.rbenv/versions/2.2.0/lib/ruby/gems/2.2.0/gems/web-console-2.2.1/lib/web_console/templates/_inner_console_markup.html.erb within layouts/inlined_string (0.6ms)
  Rendered /Users/wendychan/.rbenv/versions/2.2.0/lib/ruby/gems/2.2.0/gems/web-console-2.2.1/lib/web_console/templates/_prompt_box_markup.html.erb within layouts/inlined_string (0.4ms)
  Rendered /Users/wendychan/.rbenv/versions/2.2.0/lib/ruby/gems/2.2.0/gems/web-console-2.2.1/lib/web_console/templates/style.css.erb within layouts/inlined_string (0.5ms)
  Rendered /Users/wendychan/.rbenv/versions/2.2.0/lib/ruby/gems/2.2.0/gems/web-console-2.2.1/lib/web_console/templates/console.js.erb within layouts/javascript (87.8ms)
  Rendered /Users/wendychan/.rbenv/versions/2.2.0/lib/ruby/gems/2.2.0/gems/web-console-2.2.1/lib/web_console/templates/main.js.erb within layouts/javascript (0.4ms)
  Rendered /Users/wendychan/.rbenv/versions/2.2.0/lib/ruby/gems/2.2.0/gems/web-console-2.2.1/lib/web_console/templates/error_page.js.erb within layouts/javascript (0.6ms)
  Rendered /Users/wendychan/.rbenv/versions/2.2.0/lib/ruby/gems/2.2.0/gems/web-console-2.2.1/lib/web_console/templates/index.html.erb (182.0ms)


Started GET "/concerts/" for ::1 at 2015-08-09 15:12:23 +0200
Processing by ConcertsController#index as HTML
  [1m[36mConcert Load (0.2ms)[0m  [1mSELECT "concerts".* FROM "concerts" WHERE (date = '2015-08-09')[0m
  [1m[35mConcert Load (0.2ms)[0m  SELECT "concerts".* FROM "concerts" WHERE ("concerts"."date" >= '2015-08-10' AND "concerts"."date" < '2015-09-01')
  [1m[36mConcert Load (0.2ms)[0m  [1mSELECT "concerts".* FROM "concerts" WHERE (date >= '2015-09-01')[0m
  Rendered concerts/index.html.erb within layouts/application (2.8ms)
Completed 200 OK in 11ms (Views: 9.0ms | ActiveRecord: 0.6ms)


Started GET "/concerts/new" for ::1 at 2015-08-09 15:14:32 +0200
Processing by ConcertsController#new as HTML
  Rendered concerts/new.html.erb within layouts/application (29.3ms)
Completed 200 OK in 44ms (Views: 35.0ms | ActiveRecord: 0.0ms)


Started POST "/concerts" for ::1 at 2015-08-09 15:14:48 +0200
Processing by ConcertsController#create as HTML
  Parameters: {"utf8"=>"✓", "authenticity_token"=>"l3zBgQJW8VTQhXMLeLGffac2Yv/v1sqLtkL/yEWZlrfCr17nn/+od9LSN+g7IjqxQshZxjkJqYZtDQ7SZZfpTw==", "concert"=>{"band"=>"sss", "venue"=>"sss", "city"=>"sss", "date"=>"2015-08-15", "price"=>"12", "description"=>"ddd"}, "commit"=>"Submit"}
  [1m[35m (0.1ms)[0m  begin transaction
  [1m[36mSQL (1.1ms)[0m  [1mINSERT INTO "concerts" ("band", "venue", "city", "price", "date", "description", "created_at", "updated_at") VALUES (?, ?, ?, ?, ?, ?, ?, ?)[0m  [["band", "sss"], ["venue", "sss"], ["city", "sss"], ["price", 12], ["date", "2015-08-15"], ["description", "ddd"], ["created_at", "2015-08-09 13:14:48.229757"], ["updated_at", "2015-08-09 13:14:48.229757"]]
  [1m[35m (1.1ms)[0m  commit transaction
Redirected to http://localhost:3000/concerts
Completed 302 Found in 7ms (ActiveRecord: 2.4ms)


Started GET "/concerts" for ::1 at 2015-08-09 15:14:48 +0200
Processing by ConcertsController#index as HTML
  [1m[36mConcert Load (0.2ms)[0m  [1mSELECT "concerts".* FROM "concerts" WHERE (date = '2015-08-09')[0m
  [1m[35mConcert Load (0.3ms)[0m  SELECT "concerts".* FROM "concerts" WHERE ("concerts"."date" >= '2015-08-10' AND "concerts"."date" < '2015-09-01')
  [1m[36mConcert Load (0.3ms)[0m  [1mSELECT "concerts".* FROM "concerts" WHERE (date >= '2015-09-01')[0m
  Rendered concerts/index.html.erb within layouts/application (3.5ms)
Completed 200 OK in 10ms (Views: 8.7ms | ActiveRecord: 0.7ms)


Started GET "/concerts" for ::1 at 2015-08-09 15:18:22 +0200
Processing by ConcertsController#index as HTML
  [1m[35mConcert Load (0.2ms)[0m  SELECT "concerts".* FROM "concerts" WHERE (date = '2015-08-09')
  [1m[36mConcert Load (0.1ms)[0m  [1mSELECT "concerts".* FROM "concerts" WHERE ("concerts"."date" >= '2015-08-10' AND "concerts"."date" < '2015-09-01')[0m
  [1m[35mConcert Load (0.1ms)[0m  SELECT "concerts".* FROM "concerts" WHERE (date >= '2015-09-01')
  Rendered concerts/index.html.erb within layouts/application (1.9ms)
Completed 200 OK in 9ms (Views: 8.1ms | ActiveRecord: 0.5ms)


Started GET "/concerts" for ::1 at 2015-08-09 15:18:33 +0200
Processing by ConcertsController#index as HTML
  [1m[36mConcert Load (0.2ms)[0m  [1mSELECT "concerts".* FROM "concerts" WHERE (date = '2015-08-09')[0m
  [1m[35mConcert Load (0.3ms)[0m  SELECT "concerts".* FROM "concerts" WHERE ("concerts"."date" >= '2015-08-10' AND "concerts"."date" < '2015-09-01')
  [1m[36mConcert Load (0.2ms)[0m  [1mSELECT "concerts".* FROM "concerts" WHERE (date >= '2015-09-01')[0m
  Rendered concerts/index.html.erb within layouts/application (3.1ms)
Completed 200 OK in 11ms (Views: 9.8ms | ActiveRecord: 0.7ms)


Started POST "/concerts" for ::1 at 2015-08-09 15:18:36 +0200
Processing by ConcertsController#create as HTML
  Parameters: {"utf8"=>"✓", "authenticity_token"=>"l3zBgQJW8VTQhXMLeLGffac2Yv/v1sqLtkL/yEWZlrfCr17nn/+od9LSN+g7IjqxQshZxjkJqYZtDQ7SZZfpTw==", "concert"=>{"band"=>"sss", "venue"=>"sss", "city"=>"sss", "date"=>"2015-08-15", "price"=>"12", "description"=>"ddd"}, "commit"=>"Submit"}
  [1m[35m (0.1ms)[0m  begin transaction
  [1m[36mSQL (0.3ms)[0m  [1mINSERT INTO "concerts" ("band", "venue", "city", "price", "date", "description", "created_at", "updated_at") VALUES (?, ?, ?, ?, ?, ?, ?, ?)[0m  [["band", "sss"], ["venue", "sss"], ["city", "sss"], ["price", 12], ["date", "2015-08-15"], ["description", "ddd"], ["created_at", "2015-08-09 13:18:36.547806"], ["updated_at", "2015-08-09 13:18:36.547806"]]
  [1m[35m (1.1ms)[0m  commit transaction
Redirected to http://localhost:3000/concerts
Completed 302 Found in 6ms (ActiveRecord: 1.5ms)


Started GET "/concerts" for ::1 at 2015-08-09 15:18:36 +0200
Processing by ConcertsController#index as HTML
  [1m[36mConcert Load (0.3ms)[0m  [1mSELECT "concerts".* FROM "concerts" WHERE (date = '2015-08-09')[0m
  [1m[35mConcert Load (0.1ms)[0m  SELECT "concerts".* FROM "concerts" WHERE ("concerts"."date" >= '2015-08-10' AND "concerts"."date" < '2015-09-01')
  [1m[36mConcert Load (0.1ms)[0m  [1mSELECT "concerts".* FROM "concerts" WHERE (date >= '2015-09-01')[0m
  Rendered concerts/index.html.erb within layouts/application (2.3ms)
Completed 200 OK in 8ms (Views: 6.7ms | ActiveRecord: 0.6ms)


Started GET "/concerts" for ::1 at 2015-08-09 15:18:38 +0200
Processing by ConcertsController#index as HTML
  [1m[35mConcert Load (0.2ms)[0m  SELECT "concerts".* FROM "concerts" WHERE (date = '2015-08-09')
  [1m[36mConcert Load (0.1ms)[0m  [1mSELECT "concerts".* FROM "concerts" WHERE ("concerts"."date" >= '2015-08-10' AND "concerts"."date" < '2015-09-01')[0m
  [1m[35mConcert Load (0.1ms)[0m  SELECT "concerts".* FROM "concerts" WHERE (date >= '2015-09-01')
  Rendered concerts/index.html.erb within layouts/application (2.0ms)
Completed 200 OK in 8ms (Views: 6.8ms | ActiveRecord: 0.4ms)


Started GET "/concerts" for ::1 at 2015-08-09 15:19:02 +0200
  [1m[36mActiveRecord::SchemaMigration Load (0.2ms)[0m  [1mSELECT "schema_migrations".* FROM "schema_migrations"[0m
Processing by ConcertsController#index as HTML
  [1m[35mConcert Load (0.2ms)[0m  SELECT "concerts".* FROM "concerts" WHERE (date = '2015-08-09')
  [1m[36mConcert Load (0.1ms)[0m  [1mSELECT "concerts".* FROM "concerts" WHERE ("concerts"."date" >= '2015-08-10' AND "concerts"."date" < '2015-09-01')[0m
  [1m[35mConcert Load (0.2ms)[0m  SELECT "concerts".* FROM "concerts" WHERE (date >= '2015-09-01')
  Rendered concerts/index.html.erb within layouts/application (13.8ms)
Completed 200 OK in 51ms (Views: 39.0ms | ActiveRecord: 1.0ms)


Started GET "/concerts/1" for ::1 at 2015-08-09 15:19:06 +0200
Processing by ConcertsController#show as HTML
  Parameters: {"id"=>"1"}
  [1m[36mConcert Load (0.3ms)[0m  [1mSELECT  "concerts".* FROM "concerts" WHERE "concerts"."id" = ? LIMIT 1[0m  [["id", 1]]
  Rendered concerts/show.html.erb within layouts/application (1.0ms)
Completed 200 OK in 13ms (Views: 7.2ms | ActiveRecord: 0.3ms)


Started GET "/concerts/1/comments/new" for ::1 at 2015-08-09 15:19:08 +0200
Processing by CommentsController#new as HTML
  Parameters: {"concert_id"=>"1"}
  [1m[35mConcert Load (0.1ms)[0m  SELECT  "concerts".* FROM "concerts" WHERE "concerts"."id" = ? LIMIT 1  [["id", 1]]
Completed 500 Internal Server Error in 2ms (ActiveRecord: 0.1ms)

NoMethodError (undefined method `comments' for #<Concert:0x007ffb152c24b0>):
  app/controllers/comments_controller.rb:10:in `new'


  Rendered /Users/wendychan/.rbenv/versions/2.2.0/lib/ruby/gems/2.2.0/gems/actionpack-4.2.3/lib/action_dispatch/middleware/templates/rescues/_source.erb (11.3ms)
  Rendered /Users/wendychan/.rbenv/versions/2.2.0/lib/ruby/gems/2.2.0/gems/actionpack-4.2.3/lib/action_dispatch/middleware/templates/rescues/_trace.html.erb (2.8ms)
  Rendered /Users/wendychan/.rbenv/versions/2.2.0/lib/ruby/gems/2.2.0/gems/actionpack-4.2.3/lib/action_dispatch/middleware/templates/rescues/_request_and_response.html.erb (1.7ms)
  Rendered /Users/wendychan/.rbenv/versions/2.2.0/lib/ruby/gems/2.2.0/gems/actionpack-4.2.3/lib/action_dispatch/middleware/templates/rescues/diagnostics.html.erb within rescues/layout (90.4ms)
  Rendered /Users/wendychan/.rbenv/versions/2.2.0/lib/ruby/gems/2.2.0/gems/web-console-2.2.1/lib/web_console/templates/_markup.html.erb (0.4ms)
  Rendered /Users/wendychan/.rbenv/versions/2.2.0/lib/ruby/gems/2.2.0/gems/web-console-2.2.1/lib/web_console/templates/_inner_console_markup.html.erb within layouts/inlined_string (0.5ms)
  Rendered /Users/wendychan/.rbenv/versions/2.2.0/lib/ruby/gems/2.2.0/gems/web-console-2.2.1/lib/web_console/templates/_prompt_box_markup.html.erb within layouts/inlined_string (0.6ms)
  Rendered /Users/wendychan/.rbenv/versions/2.2.0/lib/ruby/gems/2.2.0/gems/web-console-2.2.1/lib/web_console/templates/style.css.erb within layouts/inlined_string (0.4ms)
  Rendered /Users/wendychan/.rbenv/versions/2.2.0/lib/ruby/gems/2.2.0/gems/web-console-2.2.1/lib/web_console/templates/console.js.erb within layouts/javascript (79.2ms)
  Rendered /Users/wendychan/.rbenv/versions/2.2.0/lib/ruby/gems/2.2.0/gems/web-console-2.2.1/lib/web_console/templates/main.js.erb within layouts/javascript (0.5ms)
  Rendered /Users/wendychan/.rbenv/versions/2.2.0/lib/ruby/gems/2.2.0/gems/web-console-2.2.1/lib/web_console/templates/error_page.js.erb within layouts/javascript (0.5ms)
  Rendered /Users/wendychan/.rbenv/versions/2.2.0/lib/ruby/gems/2.2.0/gems/web-console-2.2.1/lib/web_console/templates/index.html.erb (180.1ms)


Started GET "/concerts" for ::1 at 2015-08-09 15:19:46 +0200
Processing by ConcertsController#index as HTML
  [1m[36mConcert Load (0.2ms)[0m  [1mSELECT "concerts".* FROM "concerts" WHERE (date = '2015-08-09')[0m
  [1m[35mConcert Load (0.1ms)[0m  SELECT "concerts".* FROM "concerts" WHERE ("concerts"."date" >= '2015-08-10' AND "concerts"."date" < '2015-09-01')
  [1m[36mConcert Load (0.2ms)[0m  [1mSELECT "concerts".* FROM "concerts" WHERE (date >= '2015-09-01')[0m
  Rendered concerts/index.html.erb within layouts/application (2.7ms)
Completed 200 OK in 9ms (Views: 8.2ms | ActiveRecord: 0.5ms)


Started GET "/concerts" for ::1 at 2015-08-09 15:19:48 +0200
Processing by ConcertsController#index as HTML
  [1m[35mConcert Load (0.2ms)[0m  SELECT "concerts".* FROM "concerts" WHERE (date = '2015-08-09')
  [1m[36mConcert Load (0.1ms)[0m  [1mSELECT "concerts".* FROM "concerts" WHERE ("concerts"."date" >= '2015-08-10' AND "concerts"."date" < '2015-09-01')[0m
  [1m[35mConcert Load (0.1ms)[0m  SELECT "concerts".* FROM "concerts" WHERE (date >= '2015-09-01')
  Rendered concerts/index.html.erb within layouts/application (2.0ms)
Completed 200 OK in 8ms (Views: 7.0ms | ActiveRecord: 0.4ms)


Started GET "/concerts" for ::1 at 2015-08-09 15:22:05 +0200
Processing by ConcertsController#index as HTML
  [1m[36mConcert Load (0.3ms)[0m  [1mSELECT "concerts".* FROM "concerts" WHERE (date = '2015-08-09')[0m
  [1m[35mConcert Load (0.1ms)[0m  SELECT "concerts".* FROM "concerts" WHERE ("concerts"."date" >= '2015-08-10' AND "concerts"."date" < '2015-09-01')
  [1m[36mConcert Load (0.2ms)[0m  [1mSELECT "concerts".* FROM "concerts" WHERE (date >= '2015-09-01')[0m
  Rendered concerts/index.html.erb within layouts/application (9.6ms)
Completed 200 OK in 23ms (Views: 14.8ms | ActiveRecord: 1.0ms)


Started GET "/" for ::1 at 2015-08-09 15:23:27 +0200
  [1m[36mActiveRecord::SchemaMigration Load (0.2ms)[0m  [1mSELECT "schema_migrations".* FROM "schema_migrations"[0m
Processing by Rails::WelcomeController#index as HTML
  Rendered /Users/wendychan/.rbenv/versions/2.2.0/lib/ruby/gems/2.2.0/gems/railties-4.2.3/lib/rails/templates/rails/welcome/index.html.erb (2.5ms)
Completed 200 OK in 15ms (Views: 14.2ms | ActiveRecord: 0.0ms)


Started GET "/concerts" for ::1 at 2015-08-09 15:23:32 +0200
Processing by ConcertsController#index as HTML
  [1m[35mConcert Load (0.2ms)[0m  SELECT "concerts".* FROM "concerts" WHERE (date = '2015-08-09')
  [1m[36mConcert Load (0.3ms)[0m  [1mSELECT "concerts".* FROM "concerts" WHERE ("concerts"."date" >= '2015-08-10' AND "concerts"."date" < '2015-09-01')[0m
  [1m[35mConcert Load (0.2ms)[0m  SELECT "concerts".* FROM "concerts" WHERE (date >= '2015-09-01')
  Rendered concerts/index.html.erb within layouts/application (15.0ms)
Completed 200 OK in 50ms (Views: 31.9ms | ActiveRecord: 1.3ms)


Started GET "/concerts" for ::1 at 2015-08-09 15:24:21 +0200
Processing by ConcertsController#index as HTML
  [1m[36mConcert Load (0.2ms)[0m  [1mSELECT "concerts".* FROM "concerts" WHERE (date = '2015-08-09')[0m
  [1m[35mConcert Load (0.1ms)[0m  SELECT "concerts".* FROM "concerts" WHERE ("concerts"."date" >= '2015-08-10' AND "concerts"."date" < '2015-09-01')
  [1m[36mConcert Load (0.2ms)[0m  [1mSELECT "concerts".* FROM "concerts" WHERE (date >= '2015-09-01')[0m
  Rendered concerts/index.html.erb within layouts/application (2.1ms)
Completed 200 OK in 516ms (Views: 514.6ms | ActiveRecord: 0.5ms)


Started GET "/assets/jquery_ujs.self-ca5248a2fad13d6bd58ea121318d642f195f0b2dd818b30615f785ff365e8d1f.js?body=1" for ::1 at 2015-08-09 15:24:21 +0200


Started GET "/assets/comments.self-19a187bec6cdb96d6de80a61c16c857c613536adf9138476bd367db38d282635.js?body=1" for ::1 at 2015-08-09 15:24:21 +0200


Started GET "/assets/concerts.self-c2f23e9d49b5c63c77af30a35ab450b31d5afadc101f370be1af464b0e20e147.css?body=1" for ::1 at 2015-08-09 15:24:21 +0200


Started GET "/assets/application.self-e80e8f2318043e8af94dddc2adad5a4f09739a8ebb323b3ab31cd71d45fd9113.css?body=1" for ::1 at 2015-08-09 15:24:21 +0200


Started GET "/assets/comments.self-ab1db6765c31326b882082b949f92edc6156841bd8928d6a137121eb4b92f38c.css?body=1" for ::1 at 2015-08-09 15:24:21 +0200


Started GET "/assets/jquery.self-d03a5518f45df77341bdbe6201ba3bfa547ebba8ed64f0ea56bfa5f96ea7c074.js?body=1" for ::1 at 2015-08-09 15:24:21 +0200


Started GET "/assets/concerts.self-19a187bec6cdb96d6de80a61c16c857c613536adf9138476bd367db38d282635.js?body=1" for ::1 at 2015-08-09 15:24:21 +0200


Started GET "/assets/application.self-3b8dabdc891efe46b9a144b400ad69e37d7e5876bdc39dee783419a69d7ca819.js?body=1" for ::1 at 2015-08-09 15:24:21 +0200
